4月 28, 2024 4:40:18 下午 org.myx.fileIo.Logging log
信息: Table AA does not exist
4月 28, 2024 4:40:18 下午 org.myx.fileIo.Logging log
信息: Please create the table before inserting data
4月 28, 2024 4:41:12 下午 org.myx.fileIo.Logging log
信息: Constraint check failed for column COLUMN2 with value NULL
4月 28, 2024 6:55:03 下午 org.myx.fileIo.Logging log
信息: 有查询列不存在于表中
4月 28, 2024 6:55:12 下午 org.myx.fileIo.Logging log
信息: 有查询列不存在于表中
4月 28, 2024 6:56:40 下午 org.myx.fileIo.Logging log
信息: 有查询列不存在于表中
4月 28, 2024 6:59:51 下午 org.myx.fileIo.Logging log
信息: 有查询列不存在于表中
4月 28, 2024 7:00:14 下午 org.myx.fileIo.Logging log
信息: 有查询列不存在于表中
4月 28, 2024 7:01:48 下午 org.myx.fileIo.Logging log
信息: 有查询列不存在于表中
4月 29, 2024 2:25:54 下午 org.myx.fileIo.Logging log
信息: 有查询列不存在于表中
4月 29, 2024 3:25:39 下午 org.myx.fileIo.Logging log
信息: 有查询列不存在于表中
4月 29, 2024 3:31:59 下午 org.myx.fileIo.Logging log
信息: 有查询列不存在于表中
4月 29, 2024 3:32:44 下午 org.myx.fileIo.Logging log
信息: 有查询列不存在于表中
4月 29, 2024 3:33:07 下午 org.myx.fileIo.Logging log
信息: 有查询列不存在于表中
4月 29, 2024 3:36:16 下午 org.myx.fileIo.Logging log
信息: where后有查询列不存在于表中
5月 07, 2024 10:09:03 下午 org.myx.fileIo.Logging log
信息: Value OKAY is not valid for column COLUMN2 of type VARCHAR(20)
5月 07, 2024 10:11:17 下午 org.myx.fileIo.Logging log
信息: Value OKAY is not valid for column COLUMN2 of type VARCHAR(20)
5月 14, 2024 8:14:59 下午 org.myx.fileIo.Logging log
信息: Value 22301103 is not valid for column SNO of type VARCHAR2
5月 14, 2024 8:58:12 下午 org.myx.fileIo.Logging log
信息: Value 22301103 is not valid for column SNO of type VARCHAR2
5月 14, 2024 9:03:10 下午 org.myx.fileIo.Logging log
信息: Value 22301103 is not valid for column SNO of type VARCHAR2
5月 14, 2024 9:04:29 下午 org.myx.fileIo.Logging log
信息: Value 223011 is not valid for column SNO of type VARCHAR2
5月 14, 2024 9:06:12 下午 org.myx.fileIo.Logging log
信息: Value "223011" is not valid for column SNO of type VARCHAR2
5月 14, 2024 9:08:25 下午 org.myx.fileIo.Logging log
信息: Value 12 is not valid for column SNO of type VARCHAR2
5月 14, 2024 9:10:49 下午 org.myx.fileIo.Logging log
信息: Value 12 is not valid for column SNO of type VARCHAR2
5月 16, 2024 3:20:52 下午 org.myx.fileIo.Logging log
信息: Table S already exists
5月 16, 2024 3:22:03 下午 org.myx.fileIo.Logging log
信息: Error processing SQL: create table 1 (sno varchar(3));
5月 16, 2024 5:57:38 下午 org.myx.fileIo.Logging log
信息: from的表或视图不存在
5月 16, 2024 6:12:05 下午 org.myx.fileIo.Logging log
信息: from的表或视图不存在
5月 16, 2024 6:16:38 下午 org.myx.fileIo.Logging log
信息: from的表或视图不存在
5月 16, 2024 6:25:43 下午 org.myx.fileIo.Logging log
信息: Table AA does not exist
5月 16, 2024 6:25:43 下午 org.myx.fileIo.Logging log
信息: Please create the table before inserting data
5月 16, 2024 6:25:46 下午 org.myx.fileIo.Logging log
信息: Table AA does not exist
5月 16, 2024 6:25:46 下午 org.myx.fileIo.Logging log
信息: Please create the table before inserting data
5月 16, 2024 6:26:10 下午 org.myx.fileIo.Logging log
信息: Table AA already exists
5月 16, 2024 11:08:27 下午 org.myx.fileIo.Logging log
信息: Error processing SQL: create user user1 identified 123
5月 16, 2024 11:11:29 下午 org.myx.fileIo.Logging log
信息: Error processing SQL: create user user1 identified by 123
5月 16, 2024 11:11:42 下午 org.myx.fileIo.Logging log
信息: Error processing SQL: create user user1 identified by 123;
5月 16, 2024 11:12:12 下午 org.myx.fileIo.Logging log
信息: Error processing SQL: create user user1 identified by 123
5月 16, 2024 11:13:03 下午 org.myx.fileIo.Logging log
信息: Error processing SQL: create user user1 identified by 123
5月 16, 2024 11:16:02 下午 org.myx.fileIo.Logging log
信息: Error processing SQL: create user user1 identified by 123
5月 16, 2024 11:31:36 下午 org.myx.fileIo.Logging log
信息: Error processing SQL: create user user1 identified by 123
5月 16, 2024 11:58:44 下午 org.myx.fileIo.Logging log
信息: Error processing SQL: create user user1 identified by 123
5月 16, 2024 11:59:14 下午 org.myx.fileIo.Logging log
信息: Error processing SQL: create user user1  identified by 123
5月 17, 2024 12:02:55 上午 org.myx.fileIo.Logging log
信息: Error processing SQL: create user user1  identified by 123
5月 17, 2024 12:05:40 上午 org.myx.fileIo.Logging log
信息: User  created successfully
5月 17, 2024 8:13:44 上午 org.myx.fileIo.Logging log
信息: User  already exists
5月 17, 2024 8:13:55 上午 org.myx.fileIo.Logging log
信息: User  already exists
5月 17, 2024 8:16:31 上午 org.myx.fileIo.Logging log
信息: User  already exists
5月 17, 2024 8:22:28 上午 org.myx.fileIo.Logging log
信息: User XYT created successfully
5月 17, 2024 8:33:10 上午 org.myx.fileIo.Logging log
信息: User 123 created successfully
5月 17, 2024 8:36:27 上午 org.myx.fileIo.Logging log
信息: User 6 created successfully
5月 17, 2024 8:47:13 上午 org.myx.fileIo.Logging log
信息: User XYT dropped successfully
5月 17, 2024 8:51:44 上午 org.myx.fileIo.Logging log
信息: User XYT created successfully
5月 17, 2024 9:39:29 上午 org.myx.fileIo.Logging log
信息: Table STU already exists
5月 17, 2024 9:41:18 上午 org.myx.fileIo.Logging log
信息: from的表或视图不存在
5月 17, 2024 9:42:41 上午 org.myx.fileIo.Logging log
信息: Constraint check failed for column SNO with value 1
5月 17, 2024 9:43:25 上午 org.myx.fileIo.Logging log
信息: from的表或视图不存在
5月 17, 2024 9:43:51 上午 org.myx.fileIo.Logging log
信息: Constraint check failed for column SNO with value 2
5月 17, 2024 9:43:59 上午 org.myx.fileIo.Logging log
信息: Constraint check failed for column SNO with value 3
5月 17, 2024 10:17:23 上午 org.myx.fileIo.Logging log
信息: 未找到对应删除的行
5月 17, 2024 10:22:44 上午 org.myx.fileIo.Logging log
信息: 未找到对应删除的行
5月 17, 2024 10:22:44 上午 org.myx.fileIo.Logging log
信息: 未找到对应删除的行
5月 17, 2024 10:22:45 上午 org.myx.fileIo.Logging log
信息: 未找到对应删除的行
5月 17, 2024 10:22:45 上午 org.myx.fileIo.Logging log
信息: 未找到对应删除的行
5月 17, 2024 10:22:45 上午 org.myx.fileIo.Logging log
信息: 未找到对应删除的行
5月 17, 2024 10:22:45 上午 org.myx.fileIo.Logging log
信息: 未找到对应删除的行
5月 17, 2024 10:22:45 上午 org.myx.fileIo.Logging log
信息: 未找到对应删除的行
5月 17, 2024 10:22:45 上午 org.myx.fileIo.Logging log
信息: 未找到对应删除的行
5月 17, 2024 10:22:46 上午 org.myx.fileIo.Logging log
信息: 未找到对应删除的行
5月 17, 2024 10:22:46 上午 org.myx.fileIo.Logging log
信息: 未找到对应删除的行
5月 17, 2024 10:23:50 上午 org.myx.fileIo.Logging log
信息: Value 'MSY' is not valid for column SNAME of type VARCHARR (2)
5月 17, 2024 10:23:50 上午 org.myx.fileIo.Logging log
信息: MODIFY COLUMN failed
5月 17, 2024 10:35:18 上午 org.myx.fileIo.Logging log
信息: User (YSX) created successfully
5月 17, 2024 10:36:12 上午 org.myx.fileIo.Logging log
信息: User XYT created successfully
5月 17, 2024 10:38:30 上午 org.myx.fileIo.Logging log
信息: User XYT created successfully
5月 17, 2024 10:39:41 上午 org.myx.fileIo.Logging log
信息: User XYT already exists
5月 17, 2024 10:46:05 上午 org.myx.fileIo.Logging log
信息: User YSX created successfully
5月 17, 2024 10:49:43 上午 org.myx.fileIo.Logging log
信息: from的表或视图不存在
5月 17, 2024 11:02:30 上午 org.myx.fileIo.Logging log
信息: User XYT created successfully
5月 17, 2024 11:04:58 上午 org.myx.fileIo.Logging log
信息: Table STU already exists
5月 17, 2024 11:26:09 上午 org.myx.fileIo.Logging log
信息: Error processing SQL: ALTER TABLE STU ADD COLUMN SSEX VARCHAR(5);
5月 17, 2024 11:27:09 上午 org.myx.fileIo.Logging log
信息: Error processing SQL: ALTER TABLE STU ADD COLUMN SSEX VARCHAR(5);
5月 17, 2024 11:32:02 上午 org.myx.fileIo.Logging log
信息: Error processing SQL: ALTER TABLE STU ADD COLUMN SSEX VARCHAR(5);
5月 17, 2024 11:34:55 上午 org.myx.fileIo.Logging log
信息: Error processing SQL: ALTER TABLE STU ADD COLUMN SSEX VARCHAR(5);
5月 17, 2024 11:35:27 上午 org.myx.fileIo.Logging log
信息: Error processing SQL: ALTER TABLE STU DROP COLUMN AGE;
5月 17, 2024 11:36:33 上午 org.myx.fileIo.Logging log
信息: from的表或视图不存在
5月 17, 2024 11:39:15 上午 org.myx.fileIo.Logging log
信息: User XYT created successfully
5月 17, 2024 11:44:58 上午 org.myx.fileIo.Logging log
信息: Error processing SQL: ALTER TABLE STU ADD COLUMN SSEX VARCHAR(5);
5月 17, 2024 11:48:11 上午 org.myx.fileIo.Logging log
信息: Error processing SQL: ALTER TABLE STU ADD COLUMN GRADE INT;
5月 17, 2024 12:00:57 下午 org.myx.fileIo.Logging log
信息: from的表或视图不存在
5月 17, 2024 12:13:02 下午 org.myx.fileIo.Logging log
信息: Constraint check failed for column AGE with value 40
5月 17, 2024 12:15:34 下午 org.myx.fileIo.Logging log
信息: User XYT dropped successfully
5月 17, 2024 12:15:43 下午 org.myx.fileIo.Logging log
信息: User XYT created successfully
5月 17, 2024 12:33:20 下午 org.myx.fileIo.Logging log
信息: Error processing SQL: 
